<?xml version="1.0" encoding="UTF-8" ?>
<testsuite tests="3" failures="0" name="com.example.CalculatorTest" time="0.008" errors="0" skipped="0">
  <properties>
    <property name="java.runtime.name" value="OpenJDK Runtime Environment"/>
    <property name="java.vm.version" value="17.0.15+6-LTS"/>
    <property name="sun.boot.library.path" value="C:\Program Files\Zulu\zulu-17\bin"/>
    <property name="maven.multiModuleProjectDirectory" value="C:\Users\gerardo.barnett\AddNumbers"/>
    <property name="java.vm.vendor" value="Azul Systems, Inc."/>
    <property name="java.vendor.url" value="http://www.azul.com/"/>
    <property name="guice.disable.misplaced.annotation.check" value="true"/>
    <property name="path.separator" value=";"/>
    <property name="java.vm.name" value="OpenJDK 64-Bit Server VM"/>
    <property name="sun.os.patch.level" value=""/>
    <property name="user.script" value=""/>
    <property name="user.country" value="US"/>
    <property name="sun.java.launcher" value="SUN_STANDARD"/>
    <property name="java.vm.specification.name" value="Java Virtual Machine Specification"/>
    <property name="user.dir" value="C:\Users\gerardo.barnett\AddNumbers"/>
    <property name="java.vm.compressedOopsMode" value="Zero based"/>
    <property name="java.runtime.version" value="17.0.15+6-LTS"/>
    <property name="os.arch" value="amd64"/>
    <property name="java.io.tmpdir" value="C:\Users\GERARD~1.BAR\AppData\Local\Temp\"/>
    <property name="line.separator" value="
"/>
    <property name="java.vm.specification.vendor" value="Oracle Corporation"/>
    <property name="user.variant" value=""/>
    <property name="os.name" value="Windows 11"/>
    <property name="classworlds.conf" value="C:\apache-maven-3.8.6\bin\m2.conf"/>
    <property name="sun.jnu.encoding" value="Cp1252"/>
    <property name="java.library.path" value="C:\Program Files\Zulu\zulu-17\bin;C:\WINDOWS\Sun\Java\bin;C:\WINDOWS\system32;C:\WINDOWS;C:\WINDOWS\system32;C:\WINDOWS;C:\WINDOWS\System32\Wbem;C:\WINDOWS\System32\WindowsPowerShell\v1.0\;C:\WINDOWS\System32\OpenSSH\;C:\Program Files\dotnet\;C:\Program Files\nodejs\;C:\Program Files\Zulu\zulu-17\bin;C:\Users\gerardo.barnett\AppData\Local\Microsoft\WindowsApps;C:\Users\gerardo.barnett\AppData\Local\Programs\Microsoft VS Code\bin;C:\Users\gerardo.barnett\AppData\Roaming\npm;C:\Users\gerardo.barnett\AppData\Local\Programs\Git\cmd;C:\apache-maven-3.8.6\bin;C:\Users\gerardo.barnett\AppData\Local\Programs\mongosh\;C:\wildfly-16.0.0.Final\bin;C:\Users\gerardo.barnett\.dotnet\tools;C:\php-8.4.6;;c:\Users\gerardo.barnett\.vscode\extensions\ms-python.debugpy-2025.8.0-win32-x64\bundled\scripts\noConfigScripts;c:\Users\gerardo.barnett\AppData\Roaming\Code\User\globalStorage\github.copilot-chat\debugCommand;."/>
    <property name="maven.conf" value="C:\apache-maven-3.8.6/conf"/>
    <property name="jdk.debug" value="release"/>
    <property name="java.class.version" value="61.0"/>
    <property name="java.specification.name" value="Java Platform API Specification"/>
    <property name="sun.management.compiler" value="HotSpot 64-Bit Tiered Compilers"/>
    <property name="os.version" value="10.0"/>
    <property name="library.jansi.path" value="C:\apache-maven-3.8.6\lib\jansi-native"/>
    <property name="user.home" value="C:\Users\gerardo.barnett"/>
    <property name="user.timezone" value="America/Hermosillo"/>
    <property name="file.encoding" value="Cp1252"/>
    <property name="java.specification.version" value="17"/>
    <property name="user.name" value="gerardo.barnett"/>
    <property name="java.class.path" value="C:\apache-maven-3.8.6\boot\plexus-classworlds-2.6.0.jar"/>
    <property name="java.vm.specification.version" value="17"/>
    <property name="sun.arch.data.model" value="64"/>
    <property name="sun.java.command" value="org.codehaus.plexus.classworlds.launcher.Launcher clean install"/>
    <property name="java.home" value="C:\Program Files\Zulu\zulu-17"/>
    <property name="user.language" value="en"/>
    <property name="java.specification.vendor" value="Oracle Corporation"/>
    <property name="java.vm.info" value="mixed mode, sharing"/>
    <property name="java.version" value="17.0.15"/>
    <property name="native.encoding" value="Cp1252"/>
    <property name="java.vendor" value="Azul Systems, Inc."/>
    <property name="sun.stderr.encoding" value="cp437"/>
    <property name="java.specification.maintenance.version" value="1"/>
    <property name="maven.home" value="C:\apache-maven-3.8.6"/>
    <property name="file.separator" value="\"/>
    <property name="java.version.date" value="2025-04-15"/>
    <property name="java.vendor.url.bug" value="http://www.azul.com/support/"/>
    <property name="sun.io.unicode.encoding" value="UnicodeLittle"/>
    <property name="sun.cpu.endian" value="little"/>
    <property name="java.vendor.version" value="Zulu17.58+21-CA"/>
    <property name="sun.stdout.encoding" value="cp437"/>
    <property name="sun.cpu.isalist" value="amd64"/>
  </properties>
  <testcase classname="com.example.CalculatorTest" name="testSum" time="0.008"/>
  <testcase classname="com.example.CalculatorTest" name="testSumWithVeryLargeNumbers" time="0"/>
  <testcase classname="com.example.CalculatorTest" name="test_sum_1" time="0"/>
</testsuite>